 
****************************************
Report : area
Design : SME
Version: M-2016.12
Date   : Sat Jul 23 22:06:54 2022
****************************************

Library(s) Used:

    slow (File: /usr/cad/Design_Kit/CBDK_IC_Contest_v2.1/SynopsysDC/db/slow.db)

Number of ports:                           19
Number of nets:                          3398
Number of cells:                         3030
Number of combinational cells:           2658
Number of sequential cells:               372
Number of macros/black boxes:               0
Number of buf/inv:                        319
Number of references:                      65

Combinational area:              22706.120256
Buf/Inv area:                     2048.761772
Noncombinational area:           13377.209320
Macro/Black Box area:                0.000000
Net Interconnect area:          470122.367798

Total cell area:                 36083.329576
Total area:                     506205.697374
1
