 
****************************************
Report : timing
        -path full
        -delay max
        -max_paths 1
Design : SME
Version: M-2016.12
Date   : Sat Jul 23 22:06:54 2022
****************************************

Operating Conditions: slow   Library: slow
Wire Load Model Mode: top

  Startpoint: isstring (input port clocked by clk)
  Endpoint: string_reg[0][0]
            (rising edge-triggered flip-flop clocked by clk)
  Path Group: clk
  Path Type: max

  Des/Clust/Port     Wire Load Model       Library
  ------------------------------------------------
  SME                tsmc13_wl10           slow

  Point                                    Incr       Path
  -----------------------------------------------------------
  clock clk (fall edge)                   10.00      10.00
  clock network delay (ideal)              0.50      10.50
  input external delay                     0.00      10.50 r
  isstring (in)                            0.01      10.51 r
  U1477/Y (CLKINVX1)                       0.49      11.01 f
  U1734/Y (NOR2X1)                         0.53      11.54 r
  U1475/Y (NAND4BX1)                       0.31      11.84 r
  U796/Y (OAI211X1)                        0.57      12.41 f
  U817/Y (NOR3BXL)                         0.97      13.38 r
  U898/Y (CLKBUFX3)                        0.76      14.14 r
  U1755/Y (NAND2X1)                        0.39      14.53 f
  U1211/Y (INVX3)                          0.54      15.07 r
  U822/Y (AOI22X1)                         0.51      15.58 f
  U1188/Y (CLKBUFX3)                       0.76      16.34 f
  U1721/Y (OAI22XL)                        0.67      17.01 r
  string_reg[0][0]/D (DFFRX2)              0.00      17.01 r
  data arrival time                                  17.01

  clock clk (rise edge)                   20.00      20.00
  clock network delay (ideal)              0.50      20.50
  clock uncertainty                       -0.10      20.40
  string_reg[0][0]/CK (DFFRX2)             0.00      20.40 r
  library setup time                      -0.24      20.16
  data required time                                 20.16
  -----------------------------------------------------------
  data required time                                 20.16
  data arrival time                                 -17.01
  -----------------------------------------------------------
  slack (MET)                                         3.15


1
